<?xml version="1.0" encoding="UTF-8"?>
<!-- Generated by org.testng.reporters.JUnitReportReporter -->
<testsuite hostname="DESKTOP-7INTED2" failures="0" tests="1" name="runnerTESTNG.TestRunner" time="10.645" errors="0" timestamp="2024-08-07T13:35:35 IST" skipped="0">
  <testcase classname="runnerTESTNG.TestRunner" name="runScenario" time="10.645"/>
</testsuite> <!-- runnerTESTNG.TestRunner -->
